<html>
<head>
<title>TestNG:  Tests</title>
<link href="../testng.css" rel="stylesheet" type="text/css" />
<link href="../my-testng.css" rel="stylesheet" type="text/css" />

<style type="text/css">
.log { display: none;} 
.stack-trace { display: none;} 
</style>
<script type="text/javascript">
<!--
function flip(e) {
  current = e.style.display;
  if (current == 'block') {
    e.style.display = 'none';
    return 0;
  }
  else {
    e.style.display = 'block';
    return 1;
  }
}

function toggleBox(szDivId, elem, msg1, msg2)
{
  var res = -1;  if (document.getElementById) {
    res = flip(document.getElementById(szDivId));
  }
  else if (document.all) {
    // this is the way old msie versions work
    res = flip(document.all[szDivId]);
  }
  if(elem) {
    if(res == 0) elem.innerHTML = msg1; else elem.innerHTML = msg2;
  }

}

function toggleAllBoxes() {
  if (document.getElementsByTagName) {
    d = document.getElementsByTagName('div');
    for (i = 0; i < d.length; i++) {
      if (d[i].className == 'log') {
        flip(d[i]);
      }
    }
  }
}

// -->
</script>

</head>
<body>
<h2 align='center'>Tests</h2><table border='1' align="center">
<tr>
<td>Tests passed/Failed/Skipped:</td><td>87/3/2</td>
</tr><tr>
<td>Started on:</td><td>Mon Dec 01 12:01:54 EET 2025</td>
</tr>
<tr><td>Total time:</td><td>62 seconds (62988 ms)</td>
</tr><tr>
<td>Included groups:</td><td></td>
</tr><tr>
<td>Excluded groups:</td><td></td>
</tr>
</table><p/>
<small><i>(Hover the method name to see the test class name)</i></small><p/>
<table width='100%' border='1' class='invocation-failed'>
<tr><td colspan='4' align='center'><b>FAILED TESTS</b></td></tr>
<tr><td><b>Test method</b></td>
<td><b>Attribute(s)</b></td>
<td width="30%"><b>Exception</b></td>
<td width="10%"><b>Time (seconds)</b></td>
<td><b>Instance</b></td>
</tr>
<tr>
<td title='Tests.EndToEnd.StandardUser.BackForwardNavigationTest.addPreviousProduct()'><b>addPreviousProduct</b><br>Test class: Tests.EndToEnd.StandardUser.BackForwardNavigationTest</td>
<td><div><pre>java.lang.AssertionError: expected [true] but found [false]
	at Tests.EndToEnd.StandardUser.BackForwardNavigationTest.addPreviousProduct(BackForwardNavigationTest.java:85)
	at java.base/java.util.ArrayList.forEach(ArrayList.java:1604)
	at com.intellij.rt.testng.IDEARemoteTestNG.run(IDEARemoteTestNG.java:65)
	at com.intellij.rt.testng.RemoteTestNGStarter.main(RemoteTestNGStarter.java:105)
... Removed 26 stack frames</pre></div><a href='#' onClick='toggleBox("stack-trace394568342", this, "Click to show all stack frames", "Click to hide stack frames")'>Click to show all stack frames</a>
<div class='stack-trace' id='stack-trace394568342'><pre>java.lang.AssertionError: expected [true] but found [false]
	at org.testng.Assert.fail(Assert.java:111)
	at org.testng.Assert.failNotEquals(Assert.java:1590)
	at org.testng.Assert.assertTrue(Assert.java:57)
	at org.testng.Assert.assertTrue(Assert.java:67)
	at Tests.EndToEnd.StandardUser.BackForwardNavigationTest.addPreviousProduct(BackForwardNavigationTest.java:85)
	at java.base/jdk.internal.reflect.DirectMethodHandleAccessor.invoke(DirectMethodHandleAccessor.java:104)
	at java.base/java.lang.reflect.Method.invoke(Method.java:565)
	at org.testng.internal.invokers.MethodInvocationHelper.invokeMethod(MethodInvocationHelper.java:141)
	at org.testng.internal.invokers.TestInvoker.invokeMethod(TestInvoker.java:687)
	at org.testng.internal.invokers.TestInvoker.invokeTestMethod(TestInvoker.java:230)
	at org.testng.internal.invokers.MethodRunner.runInSequence(MethodRunner.java:63)
	at org.testng.internal.invokers.TestInvoker$MethodInvocationAgent.invoke(TestInvoker.java:995)
	at org.testng.internal.invokers.TestInvoker.invokeTestMethods(TestInvoker.java:203)
	at org.testng.internal.invokers.TestMethodWorker.invokeTestMethods(TestMethodWorker.java:154)
	at org.testng.internal.invokers.TestMethodWorker.run(TestMethodWorker.java:134)
	at java.base/java.util.ArrayList.forEach(ArrayList.java:1604)
	at org.testng.TestRunner.privateRun(TestRunner.java:741)
	at org.testng.TestRunner.run(TestRunner.java:616)
	at org.testng.SuiteRunner.runTest(SuiteRunner.java:421)
	at org.testng.SuiteRunner.runSequentially(SuiteRunner.java:413)
	at org.testng.SuiteRunner.privateRun(SuiteRunner.java:373)
	at org.testng.SuiteRunner.run(SuiteRunner.java:312)
	at org.testng.SuiteRunnerWorker.runSuite(SuiteRunnerWorker.java:52)
	at org.testng.SuiteRunnerWorker.run(SuiteRunnerWorker.java:95)
	at org.testng.TestNG.runSuitesSequentially(TestNG.java:1274)
	at org.testng.TestNG.runSuitesLocally(TestNG.java:1208)
	at org.testng.TestNG.runSuites(TestNG.java:1112)
	at org.testng.TestNG.run(TestNG.java:1079)
	at com.intellij.rt.testng.IDEARemoteTestNG.run(IDEARemoteTestNG.java:65)
	at com.intellij.rt.testng.RemoteTestNGStarter.main(RemoteTestNGStarter.java:105)
</pre></div></td>
<td>0</td>
<td>Tests.EndToEnd.StandardUser.BackForwardNavigationTest@61eaec38</td></tr>
<tr>
<td title='Tests.EndToEnd.StandardUser.FailedCheckoutTest.completeCheckoutWithWrongPostalCode()'><b>completeCheckoutWithWrongPostalCode</b><br>Test class: Tests.EndToEnd.StandardUser.FailedCheckoutTest</td>
<td><div><pre>java.lang.AssertionError: BUG DETECTED: Site accepted invalid postal code &apos;$$$$$&apos; 
	at Tests.EndToEnd.StandardUser.FailedCheckoutTest.completeCheckoutWithWrongPostalCode(FailedCheckoutTest.java:86)
	at java.base/java.util.ArrayList.forEach(ArrayList.java:1604)
	at com.intellij.rt.testng.IDEARemoteTestNG.run(IDEARemoteTestNG.java:65)
	at com.intellij.rt.testng.RemoteTestNGStarter.main(RemoteTestNGStarter.java:105)
... Removed 23 stack frames</pre></div><a href='#' onClick='toggleBox("stack-trace1795569301", this, "Click to show all stack frames", "Click to hide stack frames")'>Click to show all stack frames</a>
<div class='stack-trace' id='stack-trace1795569301'><pre>java.lang.AssertionError: BUG DETECTED: Site accepted invalid postal code &apos;$$$$$&apos; 
	at org.testng.Assert.fail(Assert.java:111)
	at Tests.EndToEnd.StandardUser.FailedCheckoutTest.completeCheckoutWithWrongPostalCode(FailedCheckoutTest.java:86)
	at java.base/jdk.internal.reflect.DirectMethodHandleAccessor.invoke(DirectMethodHandleAccessor.java:104)
	at java.base/java.lang.reflect.Method.invoke(Method.java:565)
	at org.testng.internal.invokers.MethodInvocationHelper.invokeMethod(MethodInvocationHelper.java:141)
	at org.testng.internal.invokers.TestInvoker.invokeMethod(TestInvoker.java:687)
	at org.testng.internal.invokers.TestInvoker.invokeTestMethod(TestInvoker.java:230)
	at org.testng.internal.invokers.MethodRunner.runInSequence(MethodRunner.java:63)
	at org.testng.internal.invokers.TestInvoker$MethodInvocationAgent.invoke(TestInvoker.java:995)
	at org.testng.internal.invokers.TestInvoker.invokeTestMethods(TestInvoker.java:203)
	at org.testng.internal.invokers.TestMethodWorker.invokeTestMethods(TestMethodWorker.java:154)
	at org.testng.internal.invokers.TestMethodWorker.run(TestMethodWorker.java:134)
	at java.base/java.util.ArrayList.forEach(ArrayList.java:1604)
	at org.testng.TestRunner.privateRun(TestRunner.java:741)
	at org.testng.TestRunner.run(TestRunner.java:616)
	at org.testng.SuiteRunner.runTest(SuiteRunner.java:421)
	at org.testng.SuiteRunner.runSequentially(SuiteRunner.java:413)
	at org.testng.SuiteRunner.privateRun(SuiteRunner.java:373)
	at org.testng.SuiteRunner.run(SuiteRunner.java:312)
	at org.testng.SuiteRunnerWorker.runSuite(SuiteRunnerWorker.java:52)
	at org.testng.SuiteRunnerWorker.run(SuiteRunnerWorker.java:95)
	at org.testng.TestNG.runSuitesSequentially(TestNG.java:1274)
	at org.testng.TestNG.runSuitesLocally(TestNG.java:1208)
	at org.testng.TestNG.runSuites(TestNG.java:1112)
	at org.testng.TestNG.run(TestNG.java:1079)
	at com.intellij.rt.testng.IDEARemoteTestNG.run(IDEARemoteTestNG.java:65)
	at com.intellij.rt.testng.RemoteTestNGStarter.main(RemoteTestNGStarter.java:105)
</pre></div></td>
<td>6</td>
<td>Tests.EndToEnd.StandardUser.FailedCheckoutTest@518caac3</td></tr>
<tr>
<td title='Tests.EndToEnd.StandardUser.CheckProductsInCartAfterLogoutTest.reCheckCart()'><b>reCheckCart</b><br>Test class: Tests.EndToEnd.StandardUser.CheckProductsInCartAfterLogoutTest</td>
<td><div><pre>java.lang.AssertionError: Cart Products Deleted After Logout
	at Tests.EndToEnd.StandardUser.CheckProductsInCartAfterLogoutTest.reCheckCart(CheckProductsInCartAfterLogoutTest.java:124)
	at java.base/java.util.ArrayList.forEach(ArrayList.java:1604)
	at com.intellij.rt.testng.IDEARemoteTestNG.run(IDEARemoteTestNG.java:65)
	at com.intellij.rt.testng.RemoteTestNGStarter.main(RemoteTestNGStarter.java:105)
... Removed 23 stack frames</pre></div><a href='#' onClick='toggleBox("stack-trace1779202806", this, "Click to show all stack frames", "Click to hide stack frames")'>Click to show all stack frames</a>
<div class='stack-trace' id='stack-trace1779202806'><pre>java.lang.AssertionError: Cart Products Deleted After Logout
	at org.testng.Assert.fail(Assert.java:111)
	at Tests.EndToEnd.StandardUser.CheckProductsInCartAfterLogoutTest.reCheckCart(CheckProductsInCartAfterLogoutTest.java:124)
	at java.base/jdk.internal.reflect.DirectMethodHandleAccessor.invoke(DirectMethodHandleAccessor.java:104)
	at java.base/java.lang.reflect.Method.invoke(Method.java:565)
	at org.testng.internal.invokers.MethodInvocationHelper.invokeMethod(MethodInvocationHelper.java:141)
	at org.testng.internal.invokers.TestInvoker.invokeMethod(TestInvoker.java:687)
	at org.testng.internal.invokers.TestInvoker.invokeTestMethod(TestInvoker.java:230)
	at org.testng.internal.invokers.MethodRunner.runInSequence(MethodRunner.java:63)
	at org.testng.internal.invokers.TestInvoker$MethodInvocationAgent.invoke(TestInvoker.java:995)
	at org.testng.internal.invokers.TestInvoker.invokeTestMethods(TestInvoker.java:203)
	at org.testng.internal.invokers.TestMethodWorker.invokeTestMethods(TestMethodWorker.java:154)
	at org.testng.internal.invokers.TestMethodWorker.run(TestMethodWorker.java:134)
	at java.base/java.util.ArrayList.forEach(ArrayList.java:1604)
	at org.testng.TestRunner.privateRun(TestRunner.java:741)
	at org.testng.TestRunner.run(TestRunner.java:616)
	at org.testng.SuiteRunner.runTest(SuiteRunner.java:421)
	at org.testng.SuiteRunner.runSequentially(SuiteRunner.java:413)
	at org.testng.SuiteRunner.privateRun(SuiteRunner.java:373)
	at org.testng.SuiteRunner.run(SuiteRunner.java:312)
	at org.testng.SuiteRunnerWorker.runSuite(SuiteRunnerWorker.java:52)
	at org.testng.SuiteRunnerWorker.run(SuiteRunnerWorker.java:95)
	at org.testng.TestNG.runSuitesSequentially(TestNG.java:1274)
	at org.testng.TestNG.runSuitesLocally(TestNG.java:1208)
	at org.testng.TestNG.runSuites(TestNG.java:1112)
	at org.testng.TestNG.run(TestNG.java:1079)
	at com.intellij.rt.testng.IDEARemoteTestNG.run(IDEARemoteTestNG.java:65)
	at com.intellij.rt.testng.RemoteTestNGStarter.main(RemoteTestNGStarter.java:105)
</pre></div></td>
<td>6</td>
<td>Tests.EndToEnd.StandardUser.CheckProductsInCartAfterLogoutTest@1df8b5b8</td></tr>
</table><p>
<table width='100%' border='1' class='invocation-passed'>
<tr><td colspan='4' align='center'><b>PASSED TESTS</b></td></tr>
<tr><td><b>Test method</b></td>
<td><b>Attribute(s)</b></td>
<td width="30%"><b>Exception</b></td>
<td width="10%"><b>Time (seconds)</b></td>
<td><b>Instance</b></td>
</tr>
<tr>
<td title='Tests.EndToEnd.StandardUser.TaxReCalculationTest.AddProduct2()'><b>AddProduct2</b><br>Test class: Tests.EndToEnd.StandardUser.TaxReCalculationTest</td>
<td></td>
<td>0</td>
<td>Tests.EndToEnd.StandardUser.TaxReCalculationTest@5038d0b5</td></tr>
<tr>
<td title='Tests.EndToEnd.StandardUser.AddElementsThenRemoveOneFromCartTest.Remove1()'><b>Remove1</b><br>Test class: Tests.EndToEnd.StandardUser.AddElementsThenRemoveOneFromCartTest</td>
<td></td>
<td>0</td>
<td>Tests.EndToEnd.StandardUser.AddElementsThenRemoveOneFromCartTest@3ddc6915</td></tr>
<tr>
<td title='Tests.EndToEnd.StandardUser.TaxReCalculationTest.reCalcTotalAndTax()'><b>reCalcTotalAndTax</b><br>Test class: Tests.EndToEnd.StandardUser.TaxReCalculationTest</td>
<td></td>
<td>0</td>
<td>Tests.EndToEnd.StandardUser.TaxReCalculationTest@5038d0b5</td></tr>
<tr>
<td title='Tests.EndToEnd.StandardUser.CancelPurchaseAndCheckCartTest.checkAddedProduct()'><b>checkAddedProduct</b><br>Test class: Tests.EndToEnd.StandardUser.CancelPurchaseAndCheckCartTest</td>
<td></td>
<td>0</td>
<td>Tests.EndToEnd.StandardUser.CancelPurchaseAndCheckCartTest@21d03963</td></tr>
<tr>
<td title='Tests.EndToEnd.StandardUser.TotalCalculationTest.loginAsStandardUser()'><b>loginAsStandardUser</b><br>Test class: Tests.EndToEnd.StandardUser.TotalCalculationTest</td>
<td></td>
<td>0</td>
<td>Tests.EndToEnd.StandardUser.TotalCalculationTest@1130520d</td></tr>
<tr>
<td title='Tests.EndToEnd.StandardUser.ValidationErrorsJourneyTest.checkFirstName()'><b>checkFirstName</b><br>Test class: Tests.EndToEnd.StandardUser.ValidationErrorsJourneyTest</td>
<td></td>
<td>0</td>
<td>Tests.EndToEnd.StandardUser.ValidationErrorsJourneyTest@79defdc</td></tr>
<tr>
<td title='Tests.EndToEnd.StandardUser.CancelPurchaseAndCheckCartTest.checkCartProduct()'><b>checkCartProduct</b><br>Test class: Tests.EndToEnd.StandardUser.CancelPurchaseAndCheckCartTest</td>
<td></td>
<td>0</td>
<td>Tests.EndToEnd.StandardUser.CancelPurchaseAndCheckCartTest@21d03963</td></tr>
<tr>
<td title='Tests.EndToEnd.StandardUser.CartResetAndRepurchaseFlowTest.loginAsStandardUser()'><b>loginAsStandardUser</b><br>Test class: Tests.EndToEnd.StandardUser.CartResetAndRepurchaseFlowTest</td>
<td></td>
<td>0</td>
<td>Tests.EndToEnd.StandardUser.CartResetAndRepurchaseFlowTest@389b0789</td></tr>
<tr>
<td title='Tests.EndToEnd.StandardUser.AddElementsThenRemoveOneFromCartTest.loginAsStandardUser()'><b>loginAsStandardUser</b><br>Test class: Tests.EndToEnd.StandardUser.AddElementsThenRemoveOneFromCartTest</td>
<td></td>
<td>0</td>
<td>Tests.EndToEnd.StandardUser.AddElementsThenRemoveOneFromCartTest@3ddc6915</td></tr>
<tr>
<td title='Tests.EndToEnd.StandardUser.TaxReCalculationTest.AddProduct1()'><b>AddProduct1</b><br>Test class: Tests.EndToEnd.StandardUser.TaxReCalculationTest</td>
<td></td>
<td>0</td>
<td>Tests.EndToEnd.StandardUser.TaxReCalculationTest@5038d0b5</td></tr>
<tr>
<td title='Tests.EndToEnd.StandardUser.UserLoginRetryAndPurchaseWorkflowTest.loginWithInvalidUser()'><b>loginWithInvalidUser</b><br>Test class: Tests.EndToEnd.StandardUser.UserLoginRetryAndPurchaseWorkflowTest</td>
<td></td>
<td>0</td>
<td>Tests.EndToEnd.StandardUser.UserLoginRetryAndPurchaseWorkflowTest@4ef782af</td></tr>
<tr>
<td title='Tests.EndToEnd.StandardUser.CheckoutMultipleProductsTest.loginAsStandardUser()'><b>loginAsStandardUser</b><br>Test class: Tests.EndToEnd.StandardUser.CheckoutMultipleProductsTest</td>
<td></td>
<td>0</td>
<td>Tests.EndToEnd.StandardUser.CheckoutMultipleProductsTest@36804139</td></tr>
<tr>
<td title='Tests.EndToEnd.StandardUser.TaxReCalculationTest.AddProduct3()'><b>AddProduct3</b><br>Test class: Tests.EndToEnd.StandardUser.TaxReCalculationTest</td>
<td></td>
<td>0</td>
<td>Tests.EndToEnd.StandardUser.TaxReCalculationTest@5038d0b5</td></tr>
<tr>
<td title='Tests.EndToEnd.StandardUser.CancelPurchaseAndCheckCartTest.loginAsStandardUser()'><b>loginAsStandardUser</b><br>Test class: Tests.EndToEnd.StandardUser.CancelPurchaseAndCheckCartTest</td>
<td></td>
<td>0</td>
<td>Tests.EndToEnd.StandardUser.CancelPurchaseAndCheckCartTest@21d03963</td></tr>
<tr>
<td title='Tests.EndToEnd.StandardUser.CheckoutMultipleProductsTest.addProduct2()'><b>addProduct2</b><br>Test class: Tests.EndToEnd.StandardUser.CheckoutMultipleProductsTest</td>
<td></td>
<td>0</td>
<td>Tests.EndToEnd.StandardUser.CheckoutMultipleProductsTest@36804139</td></tr>
<tr>
<td title='Tests.EndToEnd.StandardUser.ValidationErrorsJourneyTest.loginWithInvalidUser()'><b>loginWithInvalidUser</b><br>Test class: Tests.EndToEnd.StandardUser.ValidationErrorsJourneyTest</td>
<td></td>
<td>0</td>
<td>Tests.EndToEnd.StandardUser.ValidationErrorsJourneyTest@79defdc</td></tr>
<tr>
<td title='Tests.EndToEnd.StandardUser.CartResetAndRepurchaseFlowTest.AddProduct1()'><b>AddProduct1</b><br>Test class: Tests.EndToEnd.StandardUser.CartResetAndRepurchaseFlowTest</td>
<td></td>
<td>0</td>
<td>Tests.EndToEnd.StandardUser.CartResetAndRepurchaseFlowTest@389b0789</td></tr>
<tr>
<td title='Tests.EndToEnd.StandardUser.CartResetAndRepurchaseFlowTest.removeAndContinueShopping()'><b>removeAndContinueShopping</b><br>Test class: Tests.EndToEnd.StandardUser.CartResetAndRepurchaseFlowTest</td>
<td></td>
<td>0</td>
<td>Tests.EndToEnd.StandardUser.CartResetAndRepurchaseFlowTest@389b0789</td></tr>
<tr>
<td title='Tests.EndToEnd.StandardUser.AddElementsThenRemoveOneFromCartTest.addToCartFromHomePage()'><b>addToCartFromHomePage</b><br>Test class: Tests.EndToEnd.StandardUser.AddElementsThenRemoveOneFromCartTest</td>
<td></td>
<td>0</td>
<td>Tests.EndToEnd.StandardUser.AddElementsThenRemoveOneFromCartTest@3ddc6915</td></tr>
<tr>
<td title='Tests.EndToEnd.StandardUser.SuccessfulPurchaseFlowTest.checkoutProduct()'><b>checkoutProduct</b><br>Test class: Tests.EndToEnd.StandardUser.SuccessfulPurchaseFlowTest</td>
<td></td>
<td>0</td>
<td>Tests.EndToEnd.StandardUser.SuccessfulPurchaseFlowTest@565f390</td></tr>
<tr>
<td title='Tests.EndToEnd.StandardUser.ValidationErrorsJourneyTest.loginWithValidUser()'><b>loginWithValidUser</b><br>Test class: Tests.EndToEnd.StandardUser.ValidationErrorsJourneyTest</td>
<td></td>
<td>0</td>
<td>Tests.EndToEnd.StandardUser.ValidationErrorsJourneyTest@79defdc</td></tr>
<tr>
<td title='Tests.EndToEnd.StandardUser.CheckoutMultipleProductsTest.completeCheckout()'><b>completeCheckout</b><br>Test class: Tests.EndToEnd.StandardUser.CheckoutMultipleProductsTest</td>
<td></td>
<td>0</td>
<td>Tests.EndToEnd.StandardUser.CheckoutMultipleProductsTest@36804139</td></tr>
<tr>
<td title='Tests.EndToEnd.StandardUser.SuccessfulPurchaseFlowTest.addProductToCart()'><b>addProductToCart</b><br>Test class: Tests.EndToEnd.StandardUser.SuccessfulPurchaseFlowTest</td>
<td></td>
<td>0</td>
<td>Tests.EndToEnd.StandardUser.SuccessfulPurchaseFlowTest@565f390</td></tr>
<tr>
<td title='Tests.EndToEnd.StandardUser.ValidationErrorsJourneyTest.checkLoginRequiredFieldError()'><b>checkLoginRequiredFieldError</b><br>Test class: Tests.EndToEnd.StandardUser.ValidationErrorsJourneyTest</td>
<td></td>
<td>0</td>
<td>Tests.EndToEnd.StandardUser.ValidationErrorsJourneyTest@79defdc</td></tr>
<tr>
<td title='Tests.EndToEnd.StandardUser.CheckProductsInCartAfterLogoutTest.addProductToCart()'><b>addProductToCart</b><br>Test class: Tests.EndToEnd.StandardUser.CheckProductsInCartAfterLogoutTest</td>
<td></td>
<td>0</td>
<td>Tests.EndToEnd.StandardUser.CheckProductsInCartAfterLogoutTest@1df8b5b8</td></tr>
<tr>
<td title='Tests.EndToEnd.StandardUser.TotalCalculationTest.checkTaxAndTotalPrice()'><b>checkTaxAndTotalPrice</b><br>Test class: Tests.EndToEnd.StandardUser.TotalCalculationTest</td>
<td></td>
<td>0</td>
<td>Tests.EndToEnd.StandardUser.TotalCalculationTest@1130520d</td></tr>
<tr>
<td title='Tests.EndToEnd.StandardUser.CheckEmptyCartAfterCheckoutTest.checkoutProductStepTwo()'><b>checkoutProductStepTwo</b><br>Test class: Tests.EndToEnd.StandardUser.CheckEmptyCartAfterCheckoutTest</td>
<td></td>
<td>0</td>
<td>Tests.EndToEnd.StandardUser.CheckEmptyCartAfterCheckoutTest@57a3e26a</td></tr>
<tr>
<td title='Tests.EndToEnd.StandardUser.RefreshPageWhilePurchasingTest.loginAsStandardUser()'><b>loginAsStandardUser</b><br>Test class: Tests.EndToEnd.StandardUser.RefreshPageWhilePurchasingTest</td>
<td></td>
<td>0</td>
<td>Tests.EndToEnd.StandardUser.RefreshPageWhilePurchasingTest@3b79fd76</td></tr>
<tr>
<td title='Tests.EndToEnd.StandardUser.CheckProductDetailsAllOverPagesTest.compareToCart()'><b>compareToCart</b><br>Test class: Tests.EndToEnd.StandardUser.CheckProductDetailsAllOverPagesTest</td>
<td></td>
<td>0</td>
<td>Tests.EndToEnd.StandardUser.CheckProductDetailsAllOverPagesTest@2bec854f</td></tr>
<tr>
<td title='Tests.EndToEnd.StandardUser.AddElementsThenRemoveOneFromCartTest.EnterCart()'><b>EnterCart</b><br>Test class: Tests.EndToEnd.StandardUser.AddElementsThenRemoveOneFromCartTest</td>
<td></td>
<td>0</td>
<td>Tests.EndToEnd.StandardUser.AddElementsThenRemoveOneFromCartTest@3ddc6915</td></tr>
<tr>
<td title='Tests.EndToEnd.StandardUser.FailedCheckoutTest.AddProduct()'><b>AddProduct</b><br>Test class: Tests.EndToEnd.StandardUser.FailedCheckoutTest</td>
<td></td>
<td>0</td>
<td>Tests.EndToEnd.StandardUser.FailedCheckoutTest@518caac3</td></tr>
<tr>
<td title='Tests.EndToEnd.StandardUser.CheckProductDetailsAllOverPagesTest.getExpectedProductDetails()'><b>getExpectedProductDetails</b><br>Test class: Tests.EndToEnd.StandardUser.CheckProductDetailsAllOverPagesTest</td>
<td></td>
<td>0</td>
<td>Tests.EndToEnd.StandardUser.CheckProductDetailsAllOverPagesTest@2bec854f</td></tr>
<tr>
<td title='Tests.EndToEnd.StandardUser.CheckEmptyCartAfterCheckoutTest.loginAsStandardUser()'><b>loginAsStandardUser</b><br>Test class: Tests.EndToEnd.StandardUser.CheckEmptyCartAfterCheckoutTest</td>
<td></td>
<td>0</td>
<td>Tests.EndToEnd.StandardUser.CheckEmptyCartAfterCheckoutTest@57a3e26a</td></tr>
<tr>
<td title='Tests.EndToEnd.StandardUser.BackForwardNavigationTest.addLastProductToCart()'><b>addLastProductToCart</b><br>Test class: Tests.EndToEnd.StandardUser.BackForwardNavigationTest</td>
<td></td>
<td>0</td>
<td>Tests.EndToEnd.StandardUser.BackForwardNavigationTest@61eaec38</td></tr>
<tr>
<td title='Tests.EndToEnd.StandardUser.UserLoginRetryAndPurchaseWorkflowTest.loginWithValidUser()'><b>loginWithValidUser</b><br>Test class: Tests.EndToEnd.StandardUser.UserLoginRetryAndPurchaseWorkflowTest</td>
<td></td>
<td>0</td>
<td>Tests.EndToEnd.StandardUser.UserLoginRetryAndPurchaseWorkflowTest@4ef782af</td></tr>
<tr>
<td title='Tests.EndToEnd.StandardUser.CheckProductDetailsAllOverPagesTest.compareToCheckoutFinish()'><b>compareToCheckoutFinish</b><br>Test class: Tests.EndToEnd.StandardUser.CheckProductDetailsAllOverPagesTest</td>
<td></td>
<td>0</td>
<td>Tests.EndToEnd.StandardUser.CheckProductDetailsAllOverPagesTest@2bec854f</td></tr>
<tr>
<td title='Tests.EndToEnd.StandardUser.CheckEmptyCartAfterCheckoutTest.checkCartProduct()'><b>checkCartProduct</b><br>Test class: Tests.EndToEnd.StandardUser.CheckEmptyCartAfterCheckoutTest</td>
<td></td>
<td>6</td>
<td>Tests.EndToEnd.StandardUser.CheckEmptyCartAfterCheckoutTest@57a3e26a</td></tr>
<tr>
<td title='Tests.EndToEnd.StandardUser.CheckProductDetailsAllOverPagesTest.loginAsStandardUser()'><b>loginAsStandardUser</b><br>Test class: Tests.EndToEnd.StandardUser.CheckProductDetailsAllOverPagesTest</td>
<td></td>
<td>0</td>
<td>Tests.EndToEnd.StandardUser.CheckProductDetailsAllOverPagesTest@2bec854f</td></tr>
<tr>
<td title='Tests.EndToEnd.StandardUser.ValidationErrorsJourneyTest.checkLastName()'><b>checkLastName</b><br>Test class: Tests.EndToEnd.StandardUser.ValidationErrorsJourneyTest</td>
<td></td>
<td>0</td>
<td>Tests.EndToEnd.StandardUser.ValidationErrorsJourneyTest@79defdc</td></tr>
<tr>
<td title='Tests.EndToEnd.StandardUser.FailedCheckoutTest.loginAsStandardUser()'><b>loginAsStandardUser</b><br>Test class: Tests.EndToEnd.StandardUser.FailedCheckoutTest</td>
<td></td>
<td>0</td>
<td>Tests.EndToEnd.StandardUser.FailedCheckoutTest@518caac3</td></tr>
<tr>
<td title='Tests.EndToEnd.StandardUser.RefreshPageWhilePurchasingTest.openProductPage()'><b>openProductPage</b><br>Test class: Tests.EndToEnd.StandardUser.RefreshPageWhilePurchasingTest</td>
<td></td>
<td>0</td>
<td>Tests.EndToEnd.StandardUser.RefreshPageWhilePurchasingTest@3b79fd76</td></tr>
<tr>
<td title='Tests.EndToEnd.StandardUser.CheckoutMultipleProductsTest.verifyProductsAppearsInCart()'><b>verifyProductsAppearsInCart</b><br>Test class: Tests.EndToEnd.StandardUser.CheckoutMultipleProductsTest</td>
<td></td>
<td>0</td>
<td>Tests.EndToEnd.StandardUser.CheckoutMultipleProductsTest@36804139</td></tr>
<tr>
<td title='Tests.EndToEnd.StandardUser.CheckProductDetailsAllOverPagesTest.completeCheckout()'><b>completeCheckout</b><br>Test class: Tests.EndToEnd.StandardUser.CheckProductDetailsAllOverPagesTest</td>
<td></td>
<td>0</td>
<td>Tests.EndToEnd.StandardUser.CheckProductDetailsAllOverPagesTest@2bec854f</td></tr>
<tr>
<td title='Tests.EndToEnd.StandardUser.AddElementsThenRemoveOneFromCartTest.addToCartFromHomePage2()'><b>addToCartFromHomePage2</b><br>Test class: Tests.EndToEnd.StandardUser.AddElementsThenRemoveOneFromCartTest</td>
<td></td>
<td>0</td>
<td>Tests.EndToEnd.StandardUser.AddElementsThenRemoveOneFromCartTest@3ddc6915</td></tr>
<tr>
<td title='Tests.EndToEnd.StandardUser.SuccessfulPurchaseFlowTest.verifyProductAppearsInCart()'><b>verifyProductAppearsInCart</b><br>Test class: Tests.EndToEnd.StandardUser.SuccessfulPurchaseFlowTest</td>
<td></td>
<td>0</td>
<td>Tests.EndToEnd.StandardUser.SuccessfulPurchaseFlowTest@565f390</td></tr>
<tr>
<td title='Tests.EndToEnd.StandardUser.SuccessfulPurchaseFlowTest.loginAsStandardUser()'><b>loginAsStandardUser</b><br>Test class: Tests.EndToEnd.StandardUser.SuccessfulPurchaseFlowTest</td>
<td></td>
<td>0</td>
<td>Tests.EndToEnd.StandardUser.SuccessfulPurchaseFlowTest@565f390</td></tr>
<tr>
<td title='Tests.EndToEnd.StandardUser.ValidationErrorsJourneyTest.completeCheckout()'><b>completeCheckout</b><br>Test class: Tests.EndToEnd.StandardUser.ValidationErrorsJourneyTest</td>
<td></td>
<td>0</td>
<td>Tests.EndToEnd.StandardUser.ValidationErrorsJourneyTest@79defdc</td></tr>
<tr>
<td title='Tests.EndToEnd.StandardUser.SuccessfulPurchaseFlowTest.logoutUser()'><b>logoutUser</b><br>Test class: Tests.EndToEnd.StandardUser.SuccessfulPurchaseFlowTest</td>
<td></td>
<td>0</td>
<td>Tests.EndToEnd.StandardUser.SuccessfulPurchaseFlowTest@565f390</td></tr>
<tr>
<td title='Tests.EndToEnd.StandardUser.CheckProductDetailsAllOverPagesTest.proceedToCheckout()'><b>proceedToCheckout</b><br>Test class: Tests.EndToEnd.StandardUser.CheckProductDetailsAllOverPagesTest</td>
<td></td>
<td>0</td>
<td>Tests.EndToEnd.StandardUser.CheckProductDetailsAllOverPagesTest@2bec854f</td></tr>
<tr>
<td title='Tests.EndToEnd.StandardUser.UserLoginRetryAndPurchaseWorkflowTest.checkoutProduct()'><b>checkoutProduct</b><br>Test class: Tests.EndToEnd.StandardUser.UserLoginRetryAndPurchaseWorkflowTest</td>
<td></td>
<td>0</td>
<td>Tests.EndToEnd.StandardUser.UserLoginRetryAndPurchaseWorkflowTest@4ef782af</td></tr>
<tr>
<td title='Tests.EndToEnd.StandardUser.TaxReCalculationTest.completeCheckout()'><b>completeCheckout</b><br>Test class: Tests.EndToEnd.StandardUser.TaxReCalculationTest</td>
<td></td>
<td>0</td>
<td>Tests.EndToEnd.StandardUser.TaxReCalculationTest@5038d0b5</td></tr>
<tr>
<td title='Tests.EndToEnd.StandardUser.CheckEmptyCartAfterCheckoutTest.checkAddedProduct()'><b>checkAddedProduct</b><br>Test class: Tests.EndToEnd.StandardUser.CheckEmptyCartAfterCheckoutTest</td>
<td></td>
<td>0</td>
<td>Tests.EndToEnd.StandardUser.CheckEmptyCartAfterCheckoutTest@57a3e26a</td></tr>
<tr>
<td title='Tests.EndToEnd.StandardUser.CheckProductDetailsAllOverPagesTest.addToCart()'><b>addToCart</b><br>Test class: Tests.EndToEnd.StandardUser.CheckProductDetailsAllOverPagesTest</td>
<td></td>
<td>0</td>
<td>Tests.EndToEnd.StandardUser.CheckProductDetailsAllOverPagesTest@2bec854f</td></tr>
<tr>
<td title='Tests.EndToEnd.StandardUser.ValidationErrorsJourneyTest.openCheckoutPage()'><b>openCheckoutPage</b><br>Test class: Tests.EndToEnd.StandardUser.ValidationErrorsJourneyTest</td>
<td></td>
<td>0</td>
<td>Tests.EndToEnd.StandardUser.ValidationErrorsJourneyTest@79defdc</td></tr>
<tr>
<td title='Tests.EndToEnd.StandardUser.CheckEmptyCartAfterCheckoutTest.addProductToCart()'><b>addProductToCart</b><br>Test class: Tests.EndToEnd.StandardUser.CheckEmptyCartAfterCheckoutTest</td>
<td></td>
<td>0</td>
<td>Tests.EndToEnd.StandardUser.CheckEmptyCartAfterCheckoutTest@57a3e26a</td></tr>
<tr>
<td title='Tests.EndToEnd.StandardUser.CheckEmptyCartAfterCheckoutTest.checkoutProductStepOne()'><b>checkoutProductStepOne</b><br>Test class: Tests.EndToEnd.StandardUser.CheckEmptyCartAfterCheckoutTest</td>
<td></td>
<td>0</td>
<td>Tests.EndToEnd.StandardUser.CheckEmptyCartAfterCheckoutTest@57a3e26a</td></tr>
<tr>
<td title='Tests.EndToEnd.StandardUser.TotalCalculationTest.AddProduct1()'><b>AddProduct1</b><br>Test class: Tests.EndToEnd.StandardUser.TotalCalculationTest</td>
<td></td>
<td>0</td>
<td>Tests.EndToEnd.StandardUser.TotalCalculationTest@1130520d</td></tr>
<tr>
<td title='Tests.EndToEnd.StandardUser.TotalCalculationTest.verifyProductsAppearsInCart()'><b>verifyProductsAppearsInCart</b><br>Test class: Tests.EndToEnd.StandardUser.TotalCalculationTest</td>
<td></td>
<td>0</td>
<td>Tests.EndToEnd.StandardUser.TotalCalculationTest@1130520d</td></tr>
<tr>
<td title='Tests.EndToEnd.StandardUser.CancelPurchaseAndCheckCartTest.openProductPage()'><b>openProductPage</b><br>Test class: Tests.EndToEnd.StandardUser.CancelPurchaseAndCheckCartTest</td>
<td></td>
<td>0</td>
<td>Tests.EndToEnd.StandardUser.CancelPurchaseAndCheckCartTest@21d03963</td></tr>
<tr>
<td title='Tests.EndToEnd.StandardUser.CheckProductsInCartAfterLogoutTest.userLogout()'><b>userLogout</b><br>Test class: Tests.EndToEnd.StandardUser.CheckProductsInCartAfterLogoutTest</td>
<td></td>
<td>0</td>
<td>Tests.EndToEnd.StandardUser.CheckProductsInCartAfterLogoutTest@1df8b5b8</td></tr>
<tr>
<td title='Tests.EndToEnd.StandardUser.TotalCalculationTest.AddProduct2()'><b>AddProduct2</b><br>Test class: Tests.EndToEnd.StandardUser.TotalCalculationTest</td>
<td></td>
<td>0</td>
<td>Tests.EndToEnd.StandardUser.TotalCalculationTest@1130520d</td></tr>
<tr>
<td title='Tests.EndToEnd.StandardUser.UserLoginRetryAndPurchaseWorkflowTest.addToCartFromProductPage()'><b>addToCartFromProductPage</b><br>Test class: Tests.EndToEnd.StandardUser.UserLoginRetryAndPurchaseWorkflowTest</td>
<td></td>
<td>0</td>
<td>Tests.EndToEnd.StandardUser.UserLoginRetryAndPurchaseWorkflowTest@4ef782af</td></tr>
<tr>
<td title='Tests.EndToEnd.StandardUser.RefreshPageWhilePurchasingTest.checkoutProduct()'><b>checkoutProduct</b><br>Test class: Tests.EndToEnd.StandardUser.RefreshPageWhilePurchasingTest</td>
<td></td>
<td>1</td>
<td>Tests.EndToEnd.StandardUser.RefreshPageWhilePurchasingTest@3b79fd76</td></tr>
<tr>
<td title='Tests.EndToEnd.StandardUser.CancelPurchaseAndCheckCartTest.checkoutProductStepOne()'><b>checkoutProductStepOne</b><br>Test class: Tests.EndToEnd.StandardUser.CancelPurchaseAndCheckCartTest</td>
<td></td>
<td>0</td>
<td>Tests.EndToEnd.StandardUser.CancelPurchaseAndCheckCartTest@21d03963</td></tr>
<tr>
<td title='Tests.EndToEnd.StandardUser.TotalCalculationTest.completeCheckout()'><b>completeCheckout</b><br>Test class: Tests.EndToEnd.StandardUser.TotalCalculationTest</td>
<td></td>
<td>0</td>
<td>Tests.EndToEnd.StandardUser.TotalCalculationTest@1130520d</td></tr>
<tr>
<td title='Tests.EndToEnd.StandardUser.CheckProductDetailsAllOverPagesTest.compareToProductDetailsPage()'><b>compareToProductDetailsPage</b><br>Test class: Tests.EndToEnd.StandardUser.CheckProductDetailsAllOverPagesTest</td>
<td></td>
<td>0</td>
<td>Tests.EndToEnd.StandardUser.CheckProductDetailsAllOverPagesTest@2bec854f</td></tr>
<tr>
<td title='Tests.EndToEnd.StandardUser.TaxReCalculationTest.checkTaxAndTotalPrice()'><b>checkTaxAndTotalPrice</b><br>Test class: Tests.EndToEnd.StandardUser.TaxReCalculationTest</td>
<td></td>
<td>0</td>
<td>Tests.EndToEnd.StandardUser.TaxReCalculationTest@5038d0b5</td></tr>
<tr>
<td title='Tests.EndToEnd.StandardUser.TotalCalculationTest.AddProduct3()'><b>AddProduct3</b><br>Test class: Tests.EndToEnd.StandardUser.TotalCalculationTest</td>
<td></td>
<td>0</td>
<td>Tests.EndToEnd.StandardUser.TotalCalculationTest@1130520d</td></tr>
<tr>
<td title='Tests.EndToEnd.StandardUser.ValidationErrorsJourneyTest.addProductToCart()'><b>addProductToCart</b><br>Test class: Tests.EndToEnd.StandardUser.ValidationErrorsJourneyTest</td>
<td></td>
<td>0</td>
<td>Tests.EndToEnd.StandardUser.ValidationErrorsJourneyTest@79defdc</td></tr>
<tr>
<td title='Tests.EndToEnd.StandardUser.RefreshPageWhilePurchasingTest.addProductToCart()'><b>addProductToCart</b><br>Test class: Tests.EndToEnd.StandardUser.RefreshPageWhilePurchasingTest</td>
<td></td>
<td>0</td>
<td>Tests.EndToEnd.StandardUser.RefreshPageWhilePurchasingTest@3b79fd76</td></tr>
<tr>
<td title='Tests.EndToEnd.StandardUser.BackForwardNavigationTest.loginAsStandardUser()'><b>loginAsStandardUser</b><br>Test class: Tests.EndToEnd.StandardUser.BackForwardNavigationTest</td>
<td></td>
<td>0</td>
<td>Tests.EndToEnd.StandardUser.BackForwardNavigationTest@61eaec38</td></tr>
<tr>
<td title='Tests.EndToEnd.StandardUser.CartResetAndRepurchaseFlowTest.completeCheckout()'><b>completeCheckout</b><br>Test class: Tests.EndToEnd.StandardUser.CartResetAndRepurchaseFlowTest</td>
<td></td>
<td>0</td>
<td>Tests.EndToEnd.StandardUser.CartResetAndRepurchaseFlowTest@389b0789</td></tr>
<tr>
<td title='Tests.EndToEnd.StandardUser.CartResetAndRepurchaseFlowTest.VerifyProductInCart()'><b>VerifyProductInCart</b><br>Test class: Tests.EndToEnd.StandardUser.CartResetAndRepurchaseFlowTest</td>
<td></td>
<td>0</td>
<td>Tests.EndToEnd.StandardUser.CartResetAndRepurchaseFlowTest@389b0789</td></tr>
<tr>
<td title='Tests.EndToEnd.StandardUser.AddElementsThenRemoveOneFromCartTest.Check()'><b>Check</b><br>Test class: Tests.EndToEnd.StandardUser.AddElementsThenRemoveOneFromCartTest</td>
<td></td>
<td>0</td>
<td>Tests.EndToEnd.StandardUser.AddElementsThenRemoveOneFromCartTest@3ddc6915</td></tr>
<tr>
<td title='Tests.EndToEnd.StandardUser.TaxReCalculationTest.loginAsStandardUser()'><b>loginAsStandardUser</b><br>Test class: Tests.EndToEnd.StandardUser.TaxReCalculationTest</td>
<td></td>
<td>0</td>
<td>Tests.EndToEnd.StandardUser.TaxReCalculationTest@5038d0b5</td></tr>
<tr>
<td title='Tests.EndToEnd.StandardUser.CartResetAndRepurchaseFlowTest.AddProduct2()'><b>AddProduct2</b><br>Test class: Tests.EndToEnd.StandardUser.CartResetAndRepurchaseFlowTest</td>
<td></td>
<td>0</td>
<td>Tests.EndToEnd.StandardUser.CartResetAndRepurchaseFlowTest@389b0789</td></tr>
<tr>
<td title='Tests.EndToEnd.StandardUser.CheckProductsInCartAfterLogoutTest.checkAddedProduct()'><b>checkAddedProduct</b><br>Test class: Tests.EndToEnd.StandardUser.CheckProductsInCartAfterLogoutTest</td>
<td></td>
<td>0</td>
<td>Tests.EndToEnd.StandardUser.CheckProductsInCartAfterLogoutTest@1df8b5b8</td></tr>
<tr>
<td title='Tests.EndToEnd.StandardUser.ValidationErrorsJourneyTest.checkPostalCode()'><b>checkPostalCode</b><br>Test class: Tests.EndToEnd.StandardUser.ValidationErrorsJourneyTest</td>
<td></td>
<td>0</td>
<td>Tests.EndToEnd.StandardUser.ValidationErrorsJourneyTest@79defdc</td></tr>
<tr>
<td title='Tests.EndToEnd.StandardUser.CheckProductsInCartAfterLogoutTest.reLoginAsStandardUser()'><b>reLoginAsStandardUser</b><br>Test class: Tests.EndToEnd.StandardUser.CheckProductsInCartAfterLogoutTest</td>
<td></td>
<td>0</td>
<td>Tests.EndToEnd.StandardUser.CheckProductsInCartAfterLogoutTest@1df8b5b8</td></tr>
<tr>
<td title='Tests.EndToEnd.StandardUser.BackForwardNavigationTest.navigate3Products()'><b>navigate3Products</b><br>Test class: Tests.EndToEnd.StandardUser.BackForwardNavigationTest</td>
<td></td>
<td>0</td>
<td>Tests.EndToEnd.StandardUser.BackForwardNavigationTest@61eaec38</td></tr>
<tr>
<td title='Tests.EndToEnd.StandardUser.CheckProductsInCartAfterLogoutTest.openProductPage()'><b>openProductPage</b><br>Test class: Tests.EndToEnd.StandardUser.CheckProductsInCartAfterLogoutTest</td>
<td></td>
<td>0</td>
<td>Tests.EndToEnd.StandardUser.CheckProductsInCartAfterLogoutTest@1df8b5b8</td></tr>
<tr>
<td title='Tests.EndToEnd.StandardUser.CheckProductsInCartAfterLogoutTest.loginAsStandardUser()'><b>loginAsStandardUser</b><br>Test class: Tests.EndToEnd.StandardUser.CheckProductsInCartAfterLogoutTest</td>
<td></td>
<td>0</td>
<td>Tests.EndToEnd.StandardUser.CheckProductsInCartAfterLogoutTest@1df8b5b8</td></tr>
<tr>
<td title='Tests.EndToEnd.StandardUser.TaxReCalculationTest.removeProductFromCheckout()'><b>removeProductFromCheckout</b><br>Test class: Tests.EndToEnd.StandardUser.TaxReCalculationTest</td>
<td></td>
<td>0</td>
<td>Tests.EndToEnd.StandardUser.TaxReCalculationTest@5038d0b5</td></tr>
<tr>
<td title='Tests.EndToEnd.StandardUser.CheckoutMultipleProductsTest.addProduct1()'><b>addProduct1</b><br>Test class: Tests.EndToEnd.StandardUser.CheckoutMultipleProductsTest</td>
<td></td>
<td>0</td>
<td>Tests.EndToEnd.StandardUser.CheckoutMultipleProductsTest@36804139</td></tr>
<tr>
<td title='Tests.EndToEnd.StandardUser.TaxReCalculationTest.verifyProductsAppearsInCart()'><b>verifyProductsAppearsInCart</b><br>Test class: Tests.EndToEnd.StandardUser.TaxReCalculationTest</td>
<td></td>
<td>0</td>
<td>Tests.EndToEnd.StandardUser.TaxReCalculationTest@5038d0b5</td></tr>
<tr>
<td title='Tests.EndToEnd.StandardUser.CancelPurchaseAndCheckCartTest.addProductToCart()'><b>addProductToCart</b><br>Test class: Tests.EndToEnd.StandardUser.CancelPurchaseAndCheckCartTest</td>
<td></td>
<td>0</td>
<td>Tests.EndToEnd.StandardUser.CancelPurchaseAndCheckCartTest@21d03963</td></tr>
<tr>
<td title='Tests.EndToEnd.StandardUser.CheckEmptyCartAfterCheckoutTest.openProductPage()'><b>openProductPage</b><br>Test class: Tests.EndToEnd.StandardUser.CheckEmptyCartAfterCheckoutTest</td>
<td></td>
<td>0</td>
<td>Tests.EndToEnd.StandardUser.CheckEmptyCartAfterCheckoutTest@57a3e26a</td></tr>
</table><p>
<table width='100%' border='1' class='invocation-skipped'>
<tr><td colspan='4' align='center'><b>SKIPPED TESTS</b></td></tr>
<tr><td><b>Test method</b></td>
<td><b>Attribute(s)</b></td>
<td width="30%"><b>Exception</b></td>
<td width="10%"><b>Time (seconds)</b></td>
<td><b>Instance</b></td>
</tr>
<tr>
<td title='Tests.EndToEnd.StandardUser.BackForwardNavigationTest.completeCheckout()'><b>completeCheckout</b><br>Test class: Tests.EndToEnd.StandardUser.BackForwardNavigationTest</td>
<td><div><pre>java.lang.Throwable: Method Tests.EndToEnd.StandardUser.BackForwardNavigationTest.completeCheckout() on instance Tests.EndToEnd.StandardUser.BackForwardNavigationTest@61eaec38 depends on not successfully finished methods 
[Tests.EndToEnd.StandardUser.BackForwardNavigationTest.checkAddedProducts() on instance Tests.EndToEnd.StandardUser.BackForwardNavigationTest@61eaec38]
	at java.base/java.util.ArrayList.forEach(ArrayList.java:1604)
	at com.intellij.rt.testng.IDEARemoteTestNG.run(IDEARemoteTestNG.java:65)
	at com.intellij.rt.testng.RemoteTestNGStarter.main(RemoteTestNGStarter.java:105)
... Removed 15 stack frames</pre></div><a href='#' onClick='toggleBox("stack-trace222556677", this, "Click to show all stack frames", "Click to hide stack frames")'>Click to show all stack frames</a>
<div class='stack-trace' id='stack-trace222556677'><pre>java.lang.Throwable: Method Tests.EndToEnd.StandardUser.BackForwardNavigationTest.completeCheckout() on instance Tests.EndToEnd.StandardUser.BackForwardNavigationTest@61eaec38 depends on not successfully finished methods 
[Tests.EndToEnd.StandardUser.BackForwardNavigationTest.checkAddedProducts() on instance Tests.EndToEnd.StandardUser.BackForwardNavigationTest@61eaec38]
	at org.testng.internal.invokers.TestInvoker.invokeTestMethods(TestInvoker.java:159)
	at org.testng.internal.invokers.TestMethodWorker.invokeTestMethods(TestMethodWorker.java:154)
	at org.testng.internal.invokers.TestMethodWorker.run(TestMethodWorker.java:134)
	at java.base/java.util.ArrayList.forEach(ArrayList.java:1604)
	at org.testng.TestRunner.privateRun(TestRunner.java:741)
	at org.testng.TestRunner.run(TestRunner.java:616)
	at org.testng.SuiteRunner.runTest(SuiteRunner.java:421)
	at org.testng.SuiteRunner.runSequentially(SuiteRunner.java:413)
	at org.testng.SuiteRunner.privateRun(SuiteRunner.java:373)
	at org.testng.SuiteRunner.run(SuiteRunner.java:312)
	at org.testng.SuiteRunnerWorker.runSuite(SuiteRunnerWorker.java:52)
	at org.testng.SuiteRunnerWorker.run(SuiteRunnerWorker.java:95)
	at org.testng.TestNG.runSuitesSequentially(TestNG.java:1274)
	at org.testng.TestNG.runSuitesLocally(TestNG.java:1208)
	at org.testng.TestNG.runSuites(TestNG.java:1112)
	at org.testng.TestNG.run(TestNG.java:1079)
	at com.intellij.rt.testng.IDEARemoteTestNG.run(IDEARemoteTestNG.java:65)
	at com.intellij.rt.testng.RemoteTestNGStarter.main(RemoteTestNGStarter.java:105)
</pre></div></td>
<td>0</td>
<td>Tests.EndToEnd.StandardUser.BackForwardNavigationTest@61eaec38</td></tr>
<tr>
<td title='Tests.EndToEnd.StandardUser.BackForwardNavigationTest.checkAddedProducts()'><b>checkAddedProducts</b><br>Test class: Tests.EndToEnd.StandardUser.BackForwardNavigationTest</td>
<td><div><pre>java.lang.Throwable: Method Tests.EndToEnd.StandardUser.BackForwardNavigationTest.checkAddedProducts() on instance Tests.EndToEnd.StandardUser.BackForwardNavigationTest@61eaec38 depends on not successfully finished methods 
[Tests.EndToEnd.StandardUser.BackForwardNavigationTest.addPreviousProduct() on instance Tests.EndToEnd.StandardUser.BackForwardNavigationTest@61eaec38]
	at java.base/java.util.ArrayList.forEach(ArrayList.java:1604)
	at com.intellij.rt.testng.IDEARemoteTestNG.run(IDEARemoteTestNG.java:65)
	at com.intellij.rt.testng.RemoteTestNGStarter.main(RemoteTestNGStarter.java:105)
... Removed 15 stack frames</pre></div><a href='#' onClick='toggleBox("stack-trace1169338605", this, "Click to show all stack frames", "Click to hide stack frames")'>Click to show all stack frames</a>
<div class='stack-trace' id='stack-trace1169338605'><pre>java.lang.Throwable: Method Tests.EndToEnd.StandardUser.BackForwardNavigationTest.checkAddedProducts() on instance Tests.EndToEnd.StandardUser.BackForwardNavigationTest@61eaec38 depends on not successfully finished methods 
[Tests.EndToEnd.StandardUser.BackForwardNavigationTest.addPreviousProduct() on instance Tests.EndToEnd.StandardUser.BackForwardNavigationTest@61eaec38]
	at org.testng.internal.invokers.TestInvoker.invokeTestMethods(TestInvoker.java:159)
	at org.testng.internal.invokers.TestMethodWorker.invokeTestMethods(TestMethodWorker.java:154)
	at org.testng.internal.invokers.TestMethodWorker.run(TestMethodWorker.java:134)
	at java.base/java.util.ArrayList.forEach(ArrayList.java:1604)
	at org.testng.TestRunner.privateRun(TestRunner.java:741)
	at org.testng.TestRunner.run(TestRunner.java:616)
	at org.testng.SuiteRunner.runTest(SuiteRunner.java:421)
	at org.testng.SuiteRunner.runSequentially(SuiteRunner.java:413)
	at org.testng.SuiteRunner.privateRun(SuiteRunner.java:373)
	at org.testng.SuiteRunner.run(SuiteRunner.java:312)
	at org.testng.SuiteRunnerWorker.runSuite(SuiteRunnerWorker.java:52)
	at org.testng.SuiteRunnerWorker.run(SuiteRunnerWorker.java:95)
	at org.testng.TestNG.runSuitesSequentially(TestNG.java:1274)
	at org.testng.TestNG.runSuitesLocally(TestNG.java:1208)
	at org.testng.TestNG.runSuites(TestNG.java:1112)
	at org.testng.TestNG.run(TestNG.java:1079)
	at com.intellij.rt.testng.IDEARemoteTestNG.run(IDEARemoteTestNG.java:65)
	at com.intellij.rt.testng.RemoteTestNGStarter.main(RemoteTestNGStarter.java:105)
</pre></div></td>
<td>0</td>
<td>Tests.EndToEnd.StandardUser.BackForwardNavigationTest@61eaec38</td></tr>
</table><p>
</body>
</html>