<?xml version="1.0" encoding="UTF-8"?>
<!-- Generated by org.testng.reporters.JUnitXMLReporter -->
<testsuite ignored="28" hostname="Habashy" failures="3" tests="92" name="Tests" time="62.988" errors="0" timestamp="2025-12-01T12:02:57 EET">
  <testcase classname="Tests.EndToEnd.StandardUser.SuccessfulPurchaseFlowTest" name="loginAsStandardUser" time="0.532"/>
  <testcase classname="Tests.EndToEnd.StandardUser.SuccessfulPurchaseFlowTest" name="addProductToCart" time="0.356"/>
  <testcase classname="Tests.EndToEnd.StandardUser.SuccessfulPurchaseFlowTest" name="verifyProductAppearsInCart" time="0.126"/>
  <testcase classname="Tests.EndToEnd.StandardUser.SuccessfulPurchaseFlowTest" name="checkoutProduct" time="0.554"/>
  <testcase classname="Tests.EndToEnd.StandardUser.SuccessfulPurchaseFlowTest" name="logoutUser" time="0.763"/>
  <testcase classname="Tests.EndToEnd.StandardUser.CheckoutMultipleProductsTest" name="loginAsStandardUser" time="0.331"/>
  <testcase classname="Tests.EndToEnd.StandardUser.CheckoutMultipleProductsTest" name="addProduct1" time="0.338"/>
  <testcase classname="Tests.EndToEnd.StandardUser.CheckoutMultipleProductsTest" name="addProduct2" time="0.379"/>
  <testcase classname="Tests.EndToEnd.StandardUser.CheckoutMultipleProductsTest" name="verifyProductsAppearsInCart" time="0.164"/>
  <testcase classname="Tests.EndToEnd.StandardUser.CheckoutMultipleProductsTest" name="completeCheckout" time="0.46"/>
  <testcase classname="Tests.EndToEnd.StandardUser.TaxReCalculationTest" name="loginAsStandardUser" time="0.255"/>
  <testcase classname="Tests.EndToEnd.StandardUser.TaxReCalculationTest" name="AddProduct1" time="0.263"/>
  <testcase classname="Tests.EndToEnd.StandardUser.TaxReCalculationTest" name="AddProduct2" time="0.377"/>
  <testcase classname="Tests.EndToEnd.StandardUser.TaxReCalculationTest" name="AddProduct3" time="0.359"/>
  <testcase classname="Tests.EndToEnd.StandardUser.TaxReCalculationTest" name="verifyProductsAppearsInCart" time="0.193"/>
  <testcase classname="Tests.EndToEnd.StandardUser.TaxReCalculationTest" name="checkTaxAndTotalPrice" time="0.413"/>
  <testcase classname="Tests.EndToEnd.StandardUser.TaxReCalculationTest" name="removeProductFromCheckout" time="0.164"/>
  <testcase classname="Tests.EndToEnd.StandardUser.TaxReCalculationTest" name="reCalcTotalAndTax" time="0.041"/>
  <testcase classname="Tests.EndToEnd.StandardUser.TaxReCalculationTest" name="completeCheckout" time="0.096"/>
  <testcase classname="Tests.EndToEnd.StandardUser.ValidationErrorsJourneyTest" name="checkLoginRequiredFieldError" time="0.3"/>
  <testcase classname="Tests.EndToEnd.StandardUser.ValidationErrorsJourneyTest" name="loginWithInvalidUser" time="0.408"/>
  <testcase classname="Tests.EndToEnd.StandardUser.ValidationErrorsJourneyTest" name="loginWithValidUser" time="0.406"/>
  <testcase classname="Tests.EndToEnd.StandardUser.ValidationErrorsJourneyTest" name="addProductToCart" time="0.245"/>
  <testcase classname="Tests.EndToEnd.StandardUser.ValidationErrorsJourneyTest" name="openCheckoutPage" time="0.168"/>
  <testcase classname="Tests.EndToEnd.StandardUser.ValidationErrorsJourneyTest" name="checkFirstName" time="0.51"/>
  <testcase classname="Tests.EndToEnd.StandardUser.ValidationErrorsJourneyTest" name="checkLastName" time="0.511"/>
  <testcase classname="Tests.EndToEnd.StandardUser.ValidationErrorsJourneyTest" name="checkPostalCode" time="0.533"/>
  <testcase classname="Tests.EndToEnd.StandardUser.ValidationErrorsJourneyTest" name="completeCheckout" time="0.624"/>
  <testcase classname="Tests.EndToEnd.StandardUser.CancelPurchaseAndCheckCartTest" name="loginAsStandardUser" time="0.278"/>
  <testcase classname="Tests.EndToEnd.StandardUser.CancelPurchaseAndCheckCartTest" name="openProductPage" time="0.18"/>
  <testcase classname="Tests.EndToEnd.StandardUser.CancelPurchaseAndCheckCartTest" name="addProductToCart" time="0.173"/>
  <testcase classname="Tests.EndToEnd.StandardUser.CancelPurchaseAndCheckCartTest" name="checkAddedProduct" time="0.161"/>
  <testcase classname="Tests.EndToEnd.StandardUser.CancelPurchaseAndCheckCartTest" name="checkoutProductStepOne" time="0.505"/>
  <testcase classname="Tests.EndToEnd.StandardUser.CancelPurchaseAndCheckCartTest" name="checkCartProduct" time="0.165"/>
  <testcase classname="Tests.EndToEnd.StandardUser.CartResetAndRepurchaseFlowTest" name="loginAsStandardUser" time="0.231"/>
  <testcase classname="Tests.EndToEnd.StandardUser.CartResetAndRepurchaseFlowTest" name="AddProduct1" time="0.261"/>
  <testcase classname="Tests.EndToEnd.StandardUser.CartResetAndRepurchaseFlowTest" name="removeAndContinueShopping" time="0.235"/>
  <testcase classname="Tests.EndToEnd.StandardUser.CartResetAndRepurchaseFlowTest" name="AddProduct2" time="0.254"/>
  <testcase classname="Tests.EndToEnd.StandardUser.CartResetAndRepurchaseFlowTest" name="VerifyProductInCart" time="0.132"/>
  <testcase classname="Tests.EndToEnd.StandardUser.CartResetAndRepurchaseFlowTest" name="completeCheckout" time="0.461"/>
  <testcase classname="Tests.EndToEnd.StandardUser.CheckEmptyCartAfterCheckoutTest" name="loginAsStandardUser" time="0.263"/>
  <testcase classname="Tests.EndToEnd.StandardUser.CheckEmptyCartAfterCheckoutTest" name="openProductPage" time="0.199"/>
  <testcase classname="Tests.EndToEnd.StandardUser.CheckEmptyCartAfterCheckoutTest" name="addProductToCart" time="0.191"/>
  <testcase classname="Tests.EndToEnd.StandardUser.CheckEmptyCartAfterCheckoutTest" name="checkAddedProduct" time="0.144"/>
  <testcase classname="Tests.EndToEnd.StandardUser.CheckEmptyCartAfterCheckoutTest" name="checkoutProductStepOne" time="0.419"/>
  <testcase classname="Tests.EndToEnd.StandardUser.CheckEmptyCartAfterCheckoutTest" name="checkoutProductStepTwo" time="0.192"/>
  <testcase classname="Tests.EndToEnd.StandardUser.CheckEmptyCartAfterCheckoutTest" name="checkCartProduct" time="6.03"/>
  <testcase classname="Tests.EndToEnd.StandardUser.CheckProductDetailsAllOverPagesTest" name="loginAsStandardUser" time="0.238"/>
  <testcase classname="Tests.EndToEnd.StandardUser.CheckProductDetailsAllOverPagesTest" name="getExpectedProductDetails" time="0.161"/>
  <testcase classname="Tests.EndToEnd.StandardUser.CheckProductDetailsAllOverPagesTest" name="compareToProductDetailsPage" time="0.076"/>
  <testcase classname="Tests.EndToEnd.StandardUser.CheckProductDetailsAllOverPagesTest" name="addToCart" time="0.194"/>
  <testcase classname="Tests.EndToEnd.StandardUser.CheckProductDetailsAllOverPagesTest" name="compareToCart" time="0.068"/>
  <testcase classname="Tests.EndToEnd.StandardUser.CheckProductDetailsAllOverPagesTest" name="proceedToCheckout" time="0.371"/>
  <testcase classname="Tests.EndToEnd.StandardUser.CheckProductDetailsAllOverPagesTest" name="compareToCheckoutFinish" time="0.069"/>
  <testcase classname="Tests.EndToEnd.StandardUser.CheckProductDetailsAllOverPagesTest" name="completeCheckout" time="0.093"/>
  <testcase classname="Tests.EndToEnd.StandardUser.CheckProductsInCartAfterLogoutTest" name="loginAsStandardUser" time="0.228"/>
  <testcase classname="Tests.EndToEnd.StandardUser.CheckProductsInCartAfterLogoutTest" name="openProductPage" time="0.19"/>
  <testcase classname="Tests.EndToEnd.StandardUser.CheckProductsInCartAfterLogoutTest" name="addProductToCart" time="0.167"/>
  <testcase classname="Tests.EndToEnd.StandardUser.CheckProductsInCartAfterLogoutTest" name="checkAddedProduct" time="0.139"/>
  <testcase classname="Tests.EndToEnd.StandardUser.CheckProductsInCartAfterLogoutTest" name="userLogout" time="0.736"/>
  <testcase classname="Tests.EndToEnd.StandardUser.CheckProductsInCartAfterLogoutTest" name="reLoginAsStandardUser" time="0.223"/>
  <testcase classname="Tests.EndToEnd.StandardUser.CheckProductsInCartAfterLogoutTest" name="reCheckCart" time="6.067">
    <failure type="java.lang.AssertionError" message="Cart Products Deleted After Logout">
      <![CDATA[java.lang.AssertionError: Cart Products Deleted After Logout
at Tests.EndToEnd.StandardUser.CheckProductsInCartAfterLogoutTest.reCheckCart(CheckProductsInCartAfterLogoutTest.java:124)
at java.base/java.util.ArrayList.forEach(ArrayList.java:1604)
at com.intellij.rt.testng.IDEARemoteTestNG.run(IDEARemoteTestNG.java:65)
at com.intellij.rt.testng.RemoteTestNGStarter.main(RemoteTestNGStarter.java:105)
... Removed 23 stack frames]]>
    </failure>
  </testcase> <!-- reCheckCart -->
  <testcase classname="Tests.EndToEnd.StandardUser.TotalCalculationTest" name="loginAsStandardUser" time="0.24"/>
  <testcase classname="Tests.EndToEnd.StandardUser.TotalCalculationTest" name="AddProduct1" time="0.239"/>
  <testcase classname="Tests.EndToEnd.StandardUser.TotalCalculationTest" name="AddProduct2" time="0.341"/>
  <testcase classname="Tests.EndToEnd.StandardUser.TotalCalculationTest" name="AddProduct3" time="0.342"/>
  <testcase classname="Tests.EndToEnd.StandardUser.TotalCalculationTest" name="verifyProductsAppearsInCart" time="0.184"/>
  <testcase classname="Tests.EndToEnd.StandardUser.TotalCalculationTest" name="checkTaxAndTotalPrice" time="0.408"/>
  <testcase classname="Tests.EndToEnd.StandardUser.TotalCalculationTest" name="completeCheckout" time="0.095"/>
  <testcase classname="Tests.EndToEnd.StandardUser.UserLoginRetryAndPurchaseWorkflowTest" name="loginWithInvalidUser" time="0.392"/>
  <testcase classname="Tests.EndToEnd.StandardUser.UserLoginRetryAndPurchaseWorkflowTest" name="loginWithValidUser" time="0.372"/>
  <testcase classname="Tests.EndToEnd.StandardUser.UserLoginRetryAndPurchaseWorkflowTest" name="addToCartFromProductPage" time="0.297"/>
  <testcase classname="Tests.EndToEnd.StandardUser.UserLoginRetryAndPurchaseWorkflowTest" name="checkoutProduct" time="0.443"/>
  <testcase classname="Tests.EndToEnd.StandardUser.RefreshPageWhilePurchasingTest" name="loginAsStandardUser" time="0.765"/>
  <testcase classname="Tests.EndToEnd.StandardUser.RefreshPageWhilePurchasingTest" name="openProductPage" time="0.327"/>
  <testcase classname="Tests.EndToEnd.StandardUser.RefreshPageWhilePurchasingTest" name="addProductToCart" time="0.732"/>
  <testcase classname="Tests.EndToEnd.StandardUser.RefreshPageWhilePurchasingTest" name="checkoutProduct" time="1.674"/>
  <testcase classname="Tests.EndToEnd.StandardUser.AddElementsThenRemoveOneFromCartTest" name="loginAsStandardUser" time="0.289"/>
  <testcase classname="Tests.EndToEnd.StandardUser.AddElementsThenRemoveOneFromCartTest" name="addToCartFromHomePage" time="0.16"/>
  <testcase classname="Tests.EndToEnd.StandardUser.AddElementsThenRemoveOneFromCartTest" name="addToCartFromHomePage2" time="0.155"/>
  <testcase classname="Tests.EndToEnd.StandardUser.AddElementsThenRemoveOneFromCartTest" name="EnterCart" time="0.077"/>
  <testcase classname="Tests.EndToEnd.StandardUser.AddElementsThenRemoveOneFromCartTest" name="Check" time="0.069"/>
  <testcase classname="Tests.EndToEnd.StandardUser.AddElementsThenRemoveOneFromCartTest" name="Remove1" time="0.077"/>
  <testcase classname="Tests.EndToEnd.StandardUser.FailedCheckoutTest" name="loginAsStandardUser" time="0.259"/>
  <testcase classname="Tests.EndToEnd.StandardUser.FailedCheckoutTest" name="AddProduct" time="0.243"/>
  <testcase classname="Tests.EndToEnd.StandardUser.FailedCheckoutTest" name="completeCheckoutWithWrongPostalCode" time="6.483">
    <failure type="java.lang.AssertionError" message="BUG DETECTED: Site accepted invalid postal code &amp;apos;$$$$$&amp;apos; ">
      <![CDATA[java.lang.AssertionError: BUG DETECTED: Site accepted invalid postal code '$$$$$' 
at Tests.EndToEnd.StandardUser.FailedCheckoutTest.completeCheckoutWithWrongPostalCode(FailedCheckoutTest.java:86)
at java.base/java.util.ArrayList.forEach(ArrayList.java:1604)
at com.intellij.rt.testng.IDEARemoteTestNG.run(IDEARemoteTestNG.java:65)
at com.intellij.rt.testng.RemoteTestNGStarter.main(RemoteTestNGStarter.java:105)
... Removed 23 stack frames]]>
    </failure>
  </testcase> <!-- completeCheckoutWithWrongPostalCode -->
  <testcase classname="Tests.EndToEnd.StandardUser.BackForwardNavigationTest" name="loginAsStandardUser" time="0.281"/>
  <testcase classname="Tests.EndToEnd.StandardUser.BackForwardNavigationTest" name="navigate3Products" time="0.286"/>
  <testcase classname="Tests.EndToEnd.StandardUser.BackForwardNavigationTest" name="addLastProductToCart" time="0.137"/>
  <testcase classname="Tests.EndToEnd.StandardUser.BackForwardNavigationTest" name="addPreviousProduct" time="0.046">
    <failure type="java.lang.AssertionError" message="expected [true] but found [false]">
      <![CDATA[java.lang.AssertionError: expected [true] but found [false]
at Tests.EndToEnd.StandardUser.BackForwardNavigationTest.addPreviousProduct(BackForwardNavigationTest.java:85)
at java.base/java.util.ArrayList.forEach(ArrayList.java:1604)
at com.intellij.rt.testng.IDEARemoteTestNG.run(IDEARemoteTestNG.java:65)
at com.intellij.rt.testng.RemoteTestNGStarter.main(RemoteTestNGStarter.java:105)
... Removed 26 stack frames]]>
    </failure>
  </testcase> <!-- addPreviousProduct -->
  <testcase classname="Tests.EndToEnd.StandardUser.BackForwardNavigationTest" name="checkAddedProducts" time="0.0">
    <skipped/>
  </testcase> <!-- checkAddedProducts -->
  <testcase classname="Tests.EndToEnd.StandardUser.BackForwardNavigationTest" name="completeCheckout" time="0.0">
    <skipped/>
  </testcase> <!-- completeCheckout -->
  <testcase classname="Tests.Base.TestBase" name="@BeforeSuite startDriver" time="0.0">
    <ignored/>
  </testcase> <!-- @BeforeSuite startDriver -->
  <testcase classname="Tests.Base.TestBase" name="@AfterSuite stopDriver" time="0.0">
    <ignored/>
  </testcase> <!-- @AfterSuite stopDriver -->
  <testcase classname="Tests.Base.TestBase" name="@BeforeSuite startDriver" time="0.0">
    <ignored/>
  </testcase> <!-- @BeforeSuite startDriver -->
  <testcase classname="Tests.Base.TestBase" name="@AfterSuite stopDriver" time="0.0">
    <ignored/>
  </testcase> <!-- @AfterSuite stopDriver -->
  <testcase classname="Tests.Base.TestBase" name="@BeforeSuite startDriver" time="0.0">
    <ignored/>
  </testcase> <!-- @BeforeSuite startDriver -->
  <testcase classname="Tests.Base.TestBase" name="@AfterSuite stopDriver" time="0.0">
    <ignored/>
  </testcase> <!-- @AfterSuite stopDriver -->
  <testcase classname="Tests.Base.TestBase" name="@AfterSuite stopDriver" time="0.0">
    <ignored/>
  </testcase> <!-- @AfterSuite stopDriver -->
  <testcase classname="Tests.Base.TestBase" name="@AfterSuite stopDriver" time="0.0">
    <ignored/>
  </testcase> <!-- @AfterSuite stopDriver -->
  <testcase classname="Tests.Base.TestBase" name="@AfterSuite stopDriver" time="0.0">
    <ignored/>
  </testcase> <!-- @AfterSuite stopDriver -->
  <testcase classname="Tests.Base.TestBase" name="@BeforeSuite startDriver" time="0.0">
    <ignored/>
  </testcase> <!-- @BeforeSuite startDriver -->
  <testcase classname="Tests.Base.TestBase" name="@BeforeSuite startDriver" time="0.0">
    <ignored/>
  </testcase> <!-- @BeforeSuite startDriver -->
  <testcase classname="Tests.Base.TestBase" name="@BeforeSuite startDriver" time="0.0">
    <ignored/>
  </testcase> <!-- @BeforeSuite startDriver -->
  <testcase classname="Tests.Base.TestBase" name="@AfterSuite stopDriver" time="0.0">
    <ignored/>
  </testcase> <!-- @AfterSuite stopDriver -->
  <testcase classname="Tests.Base.TestBase" name="@AfterSuite stopDriver" time="0.0">
    <ignored/>
  </testcase> <!-- @AfterSuite stopDriver -->
  <testcase classname="Tests.Base.TestBase" name="@BeforeSuite startDriver" time="0.0">
    <ignored/>
  </testcase> <!-- @BeforeSuite startDriver -->
  <testcase classname="Tests.Base.TestBase" name="@BeforeSuite startDriver" time="0.0">
    <ignored/>
  </testcase> <!-- @BeforeSuite startDriver -->
  <testcase classname="Tests.Base.TestBase" name="@AfterSuite stopDriver" time="0.0">
    <ignored/>
  </testcase> <!-- @AfterSuite stopDriver -->
  <testcase classname="Tests.Base.TestBase" name="@AfterSuite stopDriver" time="0.0">
    <ignored/>
  </testcase> <!-- @AfterSuite stopDriver -->
  <testcase classname="Tests.Base.TestBase" name="@BeforeSuite startDriver" time="0.0">
    <ignored/>
  </testcase> <!-- @BeforeSuite startDriver -->
  <testcase classname="Tests.Base.TestBase" name="@BeforeSuite startDriver" time="0.0">
    <ignored/>
  </testcase> <!-- @BeforeSuite startDriver -->
  <testcase classname="Tests.Base.TestBase" name="@AfterSuite stopDriver" time="0.0">
    <ignored/>
  </testcase> <!-- @AfterSuite stopDriver -->
  <testcase classname="Tests.Base.TestBase" name="@AfterSuite stopDriver" time="0.0">
    <ignored/>
  </testcase> <!-- @AfterSuite stopDriver -->
  <testcase classname="Tests.Base.TestBase" name="@BeforeSuite startDriver" time="0.0">
    <ignored/>
  </testcase> <!-- @BeforeSuite startDriver -->
  <testcase classname="Tests.Base.TestBase" name="@BeforeSuite startDriver" time="0.0">
    <ignored/>
  </testcase> <!-- @BeforeSuite startDriver -->
  <testcase classname="Tests.Base.TestBase" name="@AfterSuite stopDriver" time="0.0">
    <ignored/>
  </testcase> <!-- @AfterSuite stopDriver -->
  <testcase classname="Tests.Base.TestBase" name="@BeforeSuite startDriver" time="0.0">
    <ignored/>
  </testcase> <!-- @BeforeSuite startDriver -->
  <testcase classname="Tests.Base.TestBase" name="@AfterSuite stopDriver" time="0.0">
    <ignored/>
  </testcase> <!-- @AfterSuite stopDriver -->
  <testcase classname="Tests.Base.TestBase" name="@BeforeSuite startDriver" time="0.0">
    <ignored/>
  </testcase> <!-- @BeforeSuite startDriver -->
</testsuite> <!-- Tests -->
