<?xml version="1.0" encoding="UTF-8"?>
<!-- Generated by org.testng.reporters.JUnitReportReporter -->
<testsuite hostname="Habashy" failures="1" tests="7" name="Tests.EndToEnd.StandardUser.CheckProductsInCartAfterLogoutTest" time="7.963" errors="0" timestamp="2025-12-01T12:02:58 EET" skipped="0">
  <testcase classname="Tests.EndToEnd.StandardUser.CheckProductsInCartAfterLogoutTest" name="userLogout" time="0.736"/>
  <testcase classname="Tests.EndToEnd.StandardUser.CheckProductsInCartAfterLogoutTest" name="addProductToCart" time="0.167"/>
  <testcase classname="Tests.EndToEnd.StandardUser.CheckProductsInCartAfterLogoutTest" name="checkAddedProduct" time="0.143"/>
  <testcase classname="Tests.EndToEnd.StandardUser.CheckProductsInCartAfterLogoutTest" name="reLoginAsStandardUser" time="0.224"/>
  <testcase classname="Tests.EndToEnd.StandardUser.CheckProductsInCartAfterLogoutTest" name="reCheckCart" time="6.068">
    <failure message="Cart Products Deleted After Logout" type="java.lang.AssertionError">
      <![CDATA[java.lang.AssertionError: Cart Products Deleted After Logout
at org.testng.Assert.fail(Assert.java:111)
at Tests.EndToEnd.StandardUser.CheckProductsInCartAfterLogoutTest.reCheckCart(CheckProductsInCartAfterLogoutTest.java:124)
at java.base/jdk.internal.reflect.DirectMethodHandleAccessor.invoke(DirectMethodHandleAccessor.java:104)
at java.base/java.lang.reflect.Method.invoke(Method.java:565)
at org.testng.internal.invokers.MethodInvocationHelper.invokeMethod(MethodInvocationHelper.java:141)
at org.testng.internal.invokers.TestInvoker.invokeMethod(TestInvoker.java:687)
at org.testng.internal.invokers.TestInvoker.invokeTestMethod(TestInvoker.java:230)
at org.testng.internal.invokers.MethodRunner.runInSequence(MethodRunner.java:63)
at org.testng.internal.invokers.TestInvoker$MethodInvocationAgent.invoke(TestInvoker.java:995)
at org.testng.internal.invokers.TestInvoker.invokeTestMethods(TestInvoker.java:203)
at org.testng.internal.invokers.TestMethodWorker.invokeTestMethods(TestMethodWorker.java:154)
at org.testng.internal.invokers.TestMethodWorker.run(TestMethodWorker.java:134)
at java.base/java.util.ArrayList.forEach(ArrayList.java:1604)
at org.testng.TestRunner.privateRun(TestRunner.java:741)
at org.testng.TestRunner.run(TestRunner.java:616)
at org.testng.SuiteRunner.runTest(SuiteRunner.java:421)
at org.testng.SuiteRunner.runSequentially(SuiteRunner.java:413)
at org.testng.SuiteRunner.privateRun(SuiteRunner.java:373)
at org.testng.SuiteRunner.run(SuiteRunner.java:312)
at org.testng.SuiteRunnerWorker.runSuite(SuiteRunnerWorker.java:52)
at org.testng.SuiteRunnerWorker.run(SuiteRunnerWorker.java:95)
at org.testng.TestNG.runSuitesSequentially(TestNG.java:1274)
at org.testng.TestNG.runSuitesLocally(TestNG.java:1208)
at org.testng.TestNG.runSuites(TestNG.java:1112)
at org.testng.TestNG.run(TestNG.java:1079)
at com.intellij.rt.testng.IDEARemoteTestNG.run(IDEARemoteTestNG.java:65)
at com.intellij.rt.testng.RemoteTestNGStarter.main(RemoteTestNGStarter.java:105)
]]>
    </failure>
  </testcase> <!-- reCheckCart -->
  <testcase classname="Tests.EndToEnd.StandardUser.CheckProductsInCartAfterLogoutTest" name="openProductPage" time="0.190"/>
  <testcase classname="Tests.EndToEnd.StandardUser.CheckProductsInCartAfterLogoutTest" name="loginAsStandardUser" time="0.435"/>
</testsuite> <!-- Tests.EndToEnd.StandardUser.CheckProductsInCartAfterLogoutTest -->
