<?xml version="1.0" encoding="UTF-8"?>
<!-- Generated by org.testng.reporters.JUnitReportReporter -->
<testsuite hostname="Habashy" failures="0" tests="6" name="Tests.EndToEnd.StandardUser.AddElementsThenRemoveOneFromCartTest" time="0.834" errors="0" timestamp="2025-12-01T12:02:58 EET" skipped="0">
  <testcase classname="Tests.EndToEnd.StandardUser.AddElementsThenRemoveOneFromCartTest" name="Remove1" time="0.078"/>
  <testcase classname="Tests.EndToEnd.StandardUser.AddElementsThenRemoveOneFromCartTest" name="addToCartFromHomePage" time="0.161"/>
  <testcase classname="Tests.EndToEnd.StandardUser.AddElementsThenRemoveOneFromCartTest" name="EnterCart" time="0.078"/>
  <testcase classname="Tests.EndToEnd.StandardUser.AddElementsThenRemoveOneFromCartTest" name="Check" time="0.072"/>
  <testcase classname="Tests.EndToEnd.StandardUser.AddElementsThenRemoveOneFromCartTest" name="addToCartFromHomePage2" time="0.155"/>
  <testcase classname="Tests.EndToEnd.StandardUser.AddElementsThenRemoveOneFromCartTest" name="loginAsStandardUser" time="0.290"/>
</testsuite> <!-- Tests.EndToEnd.StandardUser.AddElementsThenRemoveOneFromCartTest -->
