<?xml version="1.0" encoding="UTF-8"?>
<!-- Generated by org.testng.reporters.JUnitReportReporter -->
<testsuite hostname="Habashy" failures="0" tests="5" name="Tests.EndToEnd.StandardUser.SuccessfulPurchaseFlowTest" time="2.341" errors="0" timestamp="2025-12-01T12:02:58 EET" skipped="0">
  <testcase classname="Tests.EndToEnd.StandardUser.SuccessfulPurchaseFlowTest" name="verifyProductAppearsInCart" time="0.127"/>
  <testcase classname="Tests.EndToEnd.StandardUser.SuccessfulPurchaseFlowTest" name="addProductToCart" time="0.358"/>
  <testcase classname="Tests.EndToEnd.StandardUser.SuccessfulPurchaseFlowTest" name="logoutUser" time="0.764"/>
  <testcase classname="Tests.EndToEnd.StandardUser.SuccessfulPurchaseFlowTest" name="checkoutProduct" time="0.558"/>
  <testcase classname="Tests.EndToEnd.StandardUser.SuccessfulPurchaseFlowTest" name="loginAsStandardUser" time="0.534"/>
</testsuite> <!-- Tests.EndToEnd.StandardUser.SuccessfulPurchaseFlowTest -->
