<?xml version="1.0" encoding="UTF-8"?>
<!-- Generated by org.testng.reporters.JUnitReportReporter -->
<testsuite hostname="Habashy" failures="0" tests="5" name="Tests.EndToEnd.StandardUser.CheckoutMultipleProductsTest" time="1.677" errors="0" timestamp="2025-12-01T12:02:58 EET" skipped="0">
  <testcase classname="Tests.EndToEnd.StandardUser.CheckoutMultipleProductsTest" name="addProduct2" time="0.381"/>
  <testcase classname="Tests.EndToEnd.StandardUser.CheckoutMultipleProductsTest" name="addProduct1" time="0.338"/>
  <testcase classname="Tests.EndToEnd.StandardUser.CheckoutMultipleProductsTest" name="verifyProductsAppearsInCart" time="0.166"/>
  <testcase classname="Tests.EndToEnd.StandardUser.CheckoutMultipleProductsTest" name="completeCheckout" time="0.461"/>
  <testcase classname="Tests.EndToEnd.StandardUser.CheckoutMultipleProductsTest" name="loginAsStandardUser" time="0.331"/>
</testsuite> <!-- Tests.EndToEnd.StandardUser.CheckoutMultipleProductsTest -->
