<?xml version="1.0" encoding="UTF-8"?>
<!-- Generated by org.testng.reporters.JUnitReportReporter -->
<testsuite hostname="Habashy" failures="0" tests="9" name="Tests.EndToEnd.StandardUser.ValidationErrorsJourneyTest" time="3.718" errors="0" timestamp="2025-12-01T12:02:58 EET" skipped="0">
  <testcase classname="Tests.EndToEnd.StandardUser.ValidationErrorsJourneyTest" name="completeCheckout" time="0.625"/>
  <testcase classname="Tests.EndToEnd.StandardUser.ValidationErrorsJourneyTest" name="loginWithInvalidUser" time="0.408"/>
  <testcase classname="Tests.EndToEnd.StandardUser.ValidationErrorsJourneyTest" name="addProductToCart" time="0.246"/>
  <testcase classname="Tests.EndToEnd.StandardUser.ValidationErrorsJourneyTest" name="checkFirstName" time="0.511"/>
  <testcase classname="Tests.EndToEnd.StandardUser.ValidationErrorsJourneyTest" name="checkPostalCode" time="0.536"/>
  <testcase classname="Tests.EndToEnd.StandardUser.ValidationErrorsJourneyTest" name="checkLastName" time="0.512"/>
  <testcase classname="Tests.EndToEnd.StandardUser.ValidationErrorsJourneyTest" name="loginWithValidUser" time="0.410"/>
  <testcase classname="Tests.EndToEnd.StandardUser.ValidationErrorsJourneyTest" name="openCheckoutPage" time="0.170"/>
  <testcase classname="Tests.EndToEnd.StandardUser.ValidationErrorsJourneyTest" name="checkLoginRequiredFieldError" time="0.300"/>
</testsuite> <!-- Tests.EndToEnd.StandardUser.ValidationErrorsJourneyTest -->
