<?xml version="1.0" encoding="UTF-8"?>
<!-- Generated by org.testng.reporters.JUnitReportReporter -->
<testsuite hostname="Habashy" failures="0" tests="7" name="Tests.EndToEnd.StandardUser.TotalCalculationTest" time="1.854" errors="0" timestamp="2025-12-01T12:02:58 EET" skipped="0">
  <testcase classname="Tests.EndToEnd.StandardUser.TotalCalculationTest" name="AddProduct2" time="0.341"/>
  <testcase classname="Tests.EndToEnd.StandardUser.TotalCalculationTest" name="completeCheckout" time="0.096"/>
  <testcase classname="Tests.EndToEnd.StandardUser.TotalCalculationTest" name="AddProduct3" time="0.343"/>
  <testcase classname="Tests.EndToEnd.StandardUser.TotalCalculationTest" name="checkTaxAndTotalPrice" time="0.409"/>
  <testcase classname="Tests.EndToEnd.StandardUser.TotalCalculationTest" name="AddProduct1" time="0.240"/>
  <testcase classname="Tests.EndToEnd.StandardUser.TotalCalculationTest" name="verifyProductsAppearsInCart" time="0.185"/>
  <testcase classname="Tests.EndToEnd.StandardUser.TotalCalculationTest" name="loginAsStandardUser" time="0.240"/>
</testsuite> <!-- Tests.EndToEnd.StandardUser.TotalCalculationTest -->
