<?xml version="1.0" encoding="UTF-8"?>
<!-- Generated by org.testng.reporters.JUnitReportReporter -->
<testsuite hostname="Habashy" failures="0" tests="4" name="Tests.EndToEnd.StandardUser.UserLoginRetryAndPurchaseWorkflowTest" time="1.507" errors="0" timestamp="2025-12-01T12:02:58 EET" skipped="0">
  <testcase classname="Tests.EndToEnd.StandardUser.UserLoginRetryAndPurchaseWorkflowTest" name="addToCartFromProductPage" time="0.297"/>
  <testcase classname="Tests.EndToEnd.StandardUser.UserLoginRetryAndPurchaseWorkflowTest" name="loginWithValidUser" time="0.373"/>
  <testcase classname="Tests.EndToEnd.StandardUser.UserLoginRetryAndPurchaseWorkflowTest" name="checkoutProduct" time="0.444"/>
  <testcase classname="Tests.EndToEnd.StandardUser.UserLoginRetryAndPurchaseWorkflowTest" name="loginWithInvalidUser" time="0.393"/>
</testsuite> <!-- Tests.EndToEnd.StandardUser.UserLoginRetryAndPurchaseWorkflowTest -->
