<?xml version="1.0" encoding="UTF-8"?>
<!-- Generated by org.testng.reporters.JUnitReportReporter -->
<testsuite hostname="Habashy" failures="0" tests="8" name="Tests.EndToEnd.StandardUser.CheckProductDetailsAllOverPagesTest" time="1.277" errors="0" timestamp="2025-12-01T12:02:58 EET" skipped="0">
  <testcase classname="Tests.EndToEnd.StandardUser.CheckProductDetailsAllOverPagesTest" name="compareToProductDetailsPage" time="0.077"/>
  <testcase classname="Tests.EndToEnd.StandardUser.CheckProductDetailsAllOverPagesTest" name="compareToCheckoutFinish" time="0.069"/>
  <testcase classname="Tests.EndToEnd.StandardUser.CheckProductDetailsAllOverPagesTest" name="proceedToCheckout" time="0.371"/>
  <testcase classname="Tests.EndToEnd.StandardUser.CheckProductDetailsAllOverPagesTest" name="compareToCart" time="0.072"/>
  <testcase classname="Tests.EndToEnd.StandardUser.CheckProductDetailsAllOverPagesTest" name="addToCart" time="0.194"/>
  <testcase classname="Tests.EndToEnd.StandardUser.CheckProductDetailsAllOverPagesTest" name="getExpectedProductDetails" time="0.162"/>
  <testcase classname="Tests.EndToEnd.StandardUser.CheckProductDetailsAllOverPagesTest" name="completeCheckout" time="0.094"/>
  <testcase classname="Tests.EndToEnd.StandardUser.CheckProductDetailsAllOverPagesTest" name="loginAsStandardUser" time="0.238"/>
</testsuite> <!-- Tests.EndToEnd.StandardUser.CheckProductDetailsAllOverPagesTest -->
