<?xml version="1.0" encoding="UTF-8"?>
<!-- Generated by org.testng.reporters.JUnitReportReporter -->
<testsuite hostname="Habashy" failures="0" tests="4" name="Tests.EndToEnd.StandardUser.RefreshPageWhilePurchasingTest" time="3.507" errors="0" timestamp="2025-12-01T12:02:58 EET" skipped="0">
  <testcase classname="Tests.EndToEnd.StandardUser.RefreshPageWhilePurchasingTest" name="checkoutProduct" time="1.677"/>
  <testcase classname="Tests.EndToEnd.StandardUser.RefreshPageWhilePurchasingTest" name="addProductToCart" time="0.733"/>
  <testcase classname="Tests.EndToEnd.StandardUser.RefreshPageWhilePurchasingTest" name="openProductPage" time="0.329"/>
  <testcase classname="Tests.EndToEnd.StandardUser.RefreshPageWhilePurchasingTest" name="loginAsStandardUser" time="0.768"/>
</testsuite> <!-- Tests.EndToEnd.StandardUser.RefreshPageWhilePurchasingTest -->
