<?xml version="1.0" encoding="UTF-8"?>
<!-- Generated by org.testng.reporters.JUnitReportReporter -->
<testsuite hostname="Habashy" failures="0" tests="6" name="Tests.EndToEnd.StandardUser.CancelPurchaseAndCheckCartTest" time="1.467" errors="0" timestamp="2025-12-01T12:02:58 EET" skipped="0">
  <testcase classname="Tests.EndToEnd.StandardUser.CancelPurchaseAndCheckCartTest" name="openProductPage" time="0.182"/>
  <testcase classname="Tests.EndToEnd.StandardUser.CancelPurchaseAndCheckCartTest" name="checkoutProductStepOne" time="0.505"/>
  <testcase classname="Tests.EndToEnd.StandardUser.CancelPurchaseAndCheckCartTest" name="checkAddedProduct" time="0.162"/>
  <testcase classname="Tests.EndToEnd.StandardUser.CancelPurchaseAndCheckCartTest" name="checkCartProduct" time="0.166"/>
  <testcase classname="Tests.EndToEnd.StandardUser.CancelPurchaseAndCheckCartTest" name="addProductToCart" time="0.173"/>
  <testcase classname="Tests.EndToEnd.StandardUser.CancelPurchaseAndCheckCartTest" name="loginAsStandardUser" time="0.279"/>
</testsuite> <!-- Tests.EndToEnd.StandardUser.CancelPurchaseAndCheckCartTest -->
