<?xml version="1.0" encoding="UTF-8"?>
<!-- Generated by org.testng.reporters.JUnitReportReporter -->
<testsuite hostname="Habashy" failures="0" tests="9" name="Tests.EndToEnd.StandardUser.TaxReCalculationTest" time="2.175" errors="0" timestamp="2025-12-01T12:02:58 EET" skipped="0">
  <testcase classname="Tests.EndToEnd.StandardUser.TaxReCalculationTest" name="AddProduct2" time="0.381"/>
  <testcase classname="Tests.EndToEnd.StandardUser.TaxReCalculationTest" name="AddProduct1" time="0.263"/>
  <testcase classname="Tests.EndToEnd.StandardUser.TaxReCalculationTest" name="reCalcTotalAndTax" time="0.042"/>
  <testcase classname="Tests.EndToEnd.StandardUser.TaxReCalculationTest" name="AddProduct3" time="0.360"/>
  <testcase classname="Tests.EndToEnd.StandardUser.TaxReCalculationTest" name="checkTaxAndTotalPrice" time="0.413"/>
  <testcase classname="Tests.EndToEnd.StandardUser.TaxReCalculationTest" name="completeCheckout" time="0.097"/>
  <testcase classname="Tests.EndToEnd.StandardUser.TaxReCalculationTest" name="removeProductFromCheckout" time="0.167"/>
  <testcase classname="Tests.EndToEnd.StandardUser.TaxReCalculationTest" name="verifyProductsAppearsInCart" time="0.194"/>
  <testcase classname="Tests.EndToEnd.StandardUser.TaxReCalculationTest" name="loginAsStandardUser" time="0.258"/>
</testsuite> <!-- Tests.EndToEnd.StandardUser.TaxReCalculationTest -->
