<?xml version="1.0" encoding="UTF-8"?>
<!-- Generated by org.testng.reporters.JUnitReportReporter -->
<testsuite hostname="Habashy" failures="0" tests="6" name="Tests.EndToEnd.StandardUser.CartResetAndRepurchaseFlowTest" time="1.579" errors="0" timestamp="2025-12-01T12:02:58 EET" skipped="0">
  <testcase classname="Tests.EndToEnd.StandardUser.CartResetAndRepurchaseFlowTest" name="AddProduct2" time="0.254"/>
  <testcase classname="Tests.EndToEnd.StandardUser.CartResetAndRepurchaseFlowTest" name="AddProduct1" time="0.263"/>
  <testcase classname="Tests.EndToEnd.StandardUser.CartResetAndRepurchaseFlowTest" name="removeAndContinueShopping" time="0.235"/>
  <testcase classname="Tests.EndToEnd.StandardUser.CartResetAndRepurchaseFlowTest" name="completeCheckout" time="0.461"/>
  <testcase classname="Tests.EndToEnd.StandardUser.CartResetAndRepurchaseFlowTest" name="VerifyProductInCart" time="0.133"/>
  <testcase classname="Tests.EndToEnd.StandardUser.CartResetAndRepurchaseFlowTest" name="loginAsStandardUser" time="0.233"/>
</testsuite> <!-- Tests.EndToEnd.StandardUser.CartResetAndRepurchaseFlowTest -->
