<?xml version="1.0" encoding="UTF-8"?>
<!-- Generated by org.testng.reporters.JUnitReportReporter -->
<testsuite hostname="Habashy" failures="0" tests="7" name="Tests.EndToEnd.StandardUser.CheckEmptyCartAfterCheckoutTest" time="7.443" errors="0" timestamp="2025-12-01T12:02:58 EET" skipped="0">
  <testcase classname="Tests.EndToEnd.StandardUser.CheckEmptyCartAfterCheckoutTest" name="checkCartProduct" time="6.032"/>
  <testcase classname="Tests.EndToEnd.StandardUser.CheckEmptyCartAfterCheckoutTest" name="checkoutProductStepTwo" time="0.192"/>
  <testcase classname="Tests.EndToEnd.StandardUser.CheckEmptyCartAfterCheckoutTest" name="checkAddedProduct" time="0.144"/>
  <testcase classname="Tests.EndToEnd.StandardUser.CheckEmptyCartAfterCheckoutTest" name="addProductToCart" time="0.191"/>
  <testcase classname="Tests.EndToEnd.StandardUser.CheckEmptyCartAfterCheckoutTest" name="checkoutProductStepOne" time="0.419"/>
  <testcase classname="Tests.EndToEnd.StandardUser.CheckEmptyCartAfterCheckoutTest" name="openProductPage" time="0.200"/>
  <testcase classname="Tests.EndToEnd.StandardUser.CheckEmptyCartAfterCheckoutTest" name="loginAsStandardUser" time="0.265"/>
</testsuite> <!-- Tests.EndToEnd.StandardUser.CheckEmptyCartAfterCheckoutTest -->
